<?xml version="1.0" encoding="UTF-8"?>
<!-- Generated by org.testng.reporters.JUnitReportReporter -->
<testsuite skipped="0" hostname="Zanpakuto" name="com.tests.searchProductFromSearchBARAndAddToCartTestRunner" tests="1" failures="0" timestamp="2020-03-17T15:08:42 IST" time="23.337" errors="0">
  <testcase name="login" time="23.337" classname="com.tests.searchProductFromSearchBARAndAddToCartTestRunner"/>
  <system-out/>
</testsuite> <!-- com.tests.searchProductFromSearchBARAndAddToCartTestRunner -->
